<test-run id="2" testcasecount="0" result="Passed" start-time="2025-10-16 22:04:45.595141" end-time="2025-10-16 22:04:45.604450" duration="0" total="0" passed="0" failed="0" inconclusive="0" skipped="0" asserts="0" clr-version="3.10.12 (main, Aug 15 2025, 14:32:43) [GCC 11.4.0]" engine-version="3.6.2"><command-line>/home/azuelab/.local/bin/pytest -q</command-line><filter /></test-run>