<test-run id="2" testcasecount="0" result="Passed" start-time="2025-10-16 12:23:05.155486" end-time="2025-10-16 12:23:05.164896" duration="0" total="0" passed="0" failed="0" inconclusive="0" skipped="0" asserts="0" clr-version="3.10.12 (main, Aug 15 2025, 14:32:43) [GCC 11.4.0]" engine-version="3.6.2"><command-line>/home/azuelab/.local/bin/pytest</command-line><filter /></test-run>